[1;35;49mNuclideProperties Warning: [0mNuclear data properties with file type ACE, version 8 and evaluation temp 2.530048815540800510e-08 MeV do not exist! Data for the closes evaluation temp (2.530099999999999938e-08 MeV) will be returned!
[1;36;49m  Location:[0m 

[1;35;49mNuclideProperties Warning: [0mNuclear data properties with file type ACE, version 8 and evaluation temp 2.530048815540800510e-08 MeV do not exist! Data for the closes evaluation temp (2.530099999999999938e-08 MeV) will be returned!
[1;36;49m  Location:[0m 

[1;35;49mNuclideProperties Warning: [0mNuclear data properties with file type ACE, version 8 and evaluation temp 2.530048815540800510e-08 MeV do not exist! Data for the closes evaluation temp (2.530099999999999938e-08 MeV) will be returned!
[1;36;49m  Location:[0m 

[1;35;49mNuclideProperties Warning: [0mNuclear data properties with file type ACE, version 8 and evaluation temp 2.530048815540800510e-08 MeV do not exist! Data for the closes evaluation temp (2.530099999999999938e-08 MeV) will be returned!
[1;36;49m  Location:[0m 

[1;35;49mNuclideProperties Warning: [0mNuclear data properties with file type ACE, version 8 and evaluation temp 2.530048815540800510e-08 MeV do not exist! Data for the closes evaluation temp (2.530099999999999938e-08 MeV) will be returned!
[1;36;49m  Location:[0m 

[1;35;49mNuclideProperties Warning: [0mNuclear data properties with file type ACE, version 8 and evaluation temp 2.530048815540800510e-08 MeV do not exist! Data for the closes evaluation temp (2.530099999999999938e-08 MeV) will be returned!
[1;36;49m  Location:[0m 

[1;35;49mNuclideProperties Warning: [0mNuclear data properties with file type ACE, version 8 and evaluation temp 2.530048815540800510e-08 MeV do not exist! Data for the closes evaluation temp (2.530099999999999938e-08 MeV) will be returned!
[1;36;49m  Location:[0m 

[1;35;49mNuclideProperties Warning: [0mNuclear data properties with file type ACE, version 8 and evaluation temp 2.530048815540800510e-08 MeV do not exist! Data for the closes evaluation temp (2.530099999999999938e-08 MeV) will be returned!
[1;36;49m  Location:[0m 

[1;35;49mNuclideProperties Warning: [0mNuclear data properties with file type ACE, version 8 and evaluation temp 2.530048815540800510e-08 MeV do not exist! Data for the closes evaluation temp (2.530099999999999938e-08 MeV) will be returned!
[1;36;49m  Location:[0m 

[1;35;49mNuclideProperties Warning: [0mNuclear data properties with file type ACE, version 8 and evaluation temp 2.530048815540800510e-08 MeV do not exist! Data for the closes evaluation temp (2.530099999999999938e-08 MeV) will be returned!
[1;36;49m  Location:[0m 

[1;35;49mNuclideProperties Warning: [0mNuclear data properties with file type ACE, version 8 and evaluation temp 2.530048815540800510e-08 MeV do not exist! Data for the closes evaluation temp (2.530099999999999938e-08 MeV) will be returned!
[1;36;49m  Location:[0m 

[1;35;49mNuclideProperties Warning: [0mNuclear data properties with file type ACE, version 8 and evaluation temp 2.530048815540800510e-08 MeV do not exist! Data for the closes evaluation temp (2.530099999999999938e-08 MeV) will be returned!
[1;36;49m  Location:[0m 

Loading model snm.h5m ... Set overlap thickness = 0
Set numerical precision = 0.001
done!

Starting to load nuclide data tables ... 

Finished loading nuclide data tables.

Created 5 cell estimators from geometry model data.

Simulation started. 

[1;37;49m Rendezvous 0: [0m0

[1;37;49m Rendezvous 1: [0m10000000000

[1;37;49m Rendezvous 2: [0m20000000000

